<?xml version="1.0" encoding="UTF-8"?>
<coverage generated="1684731381264" clover="3.2.0">
  <project timestamp="1684731381264" name="All files">
    <metrics statements="133" coveredstatements="120" conditionals="23" coveredconditionals="20" methods="30" coveredmethods="28" elements="186" coveredelements="168" complexity="0" loc="133" ncloc="133" packages="3" files="7" classes="7"/>
    <package name="src">
      <metrics statements="17" coveredstatements="5" conditionals="1" coveredconditionals="0" methods="4" coveredmethods="2"/>
      <file name="app.contoller.ts" path="/Users/akash/project/assignment/koto/koto-feed-search/src/app.contoller.ts">
        <metrics statements="5" coveredstatements="5" conditionals="0" coveredconditionals="0" methods="2" coveredmethods="2"/>
        <line num="1" count="1" type="stmt"/>
        <line num="4" count="1" type="stmt"/>
        <line num="7" count="2" type="stmt"/>
        <line num="8" count="1" type="stmt"/>
        <line num="10" count="1" type="stmt"/>
      </file>
      <file name="app.module.ts" path="/Users/akash/project/assignment/koto/koto-feed-search/src/app.module.ts">
        <metrics statements="6" coveredstatements="0" conditionals="0" coveredconditionals="0" methods="1" coveredmethods="0"/>
        <line num="1" count="0" type="stmt"/>
        <line num="2" count="0" type="stmt"/>
        <line num="3" count="0" type="stmt"/>
        <line num="4" count="0" type="stmt"/>
        <line num="5" count="0" type="stmt"/>
        <line num="16" count="0" type="stmt"/>
      </file>
      <file name="main.ts" path="/Users/akash/project/assignment/koto/koto-feed-search/src/main.ts">
        <metrics statements="6" coveredstatements="0" conditionals="1" coveredconditionals="0" methods="1" coveredmethods="0"/>
        <line num="1" count="0" type="stmt"/>
        <line num="2" count="0" type="stmt"/>
        <line num="6" count="0" type="cond" truecount="0" falsecount="1"/>
        <line num="7" count="0" type="stmt"/>
        <line num="8" count="0" type="stmt"/>
        <line num="11" count="0" type="stmt"/>
      </file>
    </package>
    <package name="src.feed">
      <metrics statements="100" coveredstatements="99" conditionals="22" coveredconditionals="20" methods="22" coveredmethods="22"/>
      <file name="feed.controller.ts" path="/Users/akash/project/assignment/koto/koto-feed-search/src/feed/feed.controller.ts">
        <metrics statements="9" coveredstatements="9" conditionals="0" coveredconditionals="0" methods="4" coveredmethods="4"/>
        <line num="1" count="1" type="stmt"/>
        <line num="2" count="1" type="stmt"/>
        <line num="5" count="1" type="stmt"/>
        <line num="6" count="8" type="stmt"/>
        <line num="9" count="2" type="stmt"/>
        <line num="10" count="4" type="stmt"/>
        <line num="15" count="2" type="stmt"/>
        <line num="20" count="5" type="stmt"/>
        <line num="22" count="1" type="stmt"/>
      </file>
      <file name="feed.repository.ts" path="/Users/akash/project/assignment/koto/koto-feed-search/src/feed/feed.repository.ts">
        <metrics statements="47" coveredstatements="46" conditionals="16" coveredconditionals="14" methods="11" coveredmethods="11"/>
        <line num="2" count="1" type="stmt"/>
        <line num="3" count="1" type="stmt"/>
        <line num="5" count="1" type="stmt"/>
        <line num="18" count="16" type="cond" truecount="1" falsecount="0"/>
        <line num="19" count="8" type="stmt"/>
        <line num="21" count="8" type="cond" truecount="1" falsecount="0"/>
        <line num="22" count="8" type="stmt"/>
        <line num="24" count="8" type="stmt"/>
        <line num="27" count="1" type="stmt"/>
        <line num="28" count="8" type="stmt"/>
        <line num="29" count="800" type="stmt"/>
        <line num="33" count="1" type="stmt"/>
        <line num="34" count="8" type="stmt"/>
        <line num="35" count="4280" type="cond" truecount="2" falsecount="0"/>
        <line num="36" count="2016" type="stmt"/>
        <line num="38" count="2264" type="stmt"/>
        <line num="63" count="1" type="stmt"/>
        <line num="64" count="710" type="cond" truecount="3" falsecount="0"/>
        <line num="65" count="510" type="cond" truecount="2" falsecount="0"/>
        <line num="66" count="830" type="stmt"/>
        <line num="69" count="710" type="stmt"/>
        <line num="84" count="1" type="stmt"/>
        <line num="85" count="797" type="stmt"/>
        <line num="86" count="797" type="stmt"/>
        <line num="87" count="797" type="cond" truecount="1" falsecount="0"/>
        <line num="88" count="587" type="stmt"/>
        <line num="90" count="210" type="stmt"/>
        <line num="92" count="210" type="stmt"/>
        <line num="93" count="22" type="stmt"/>
        <line num="94" count="22" type="cond" truecount="3" falsecount="0"/>
        <line num="95" count="4" type="stmt"/>
        <line num="98" count="206" type="stmt"/>
        <line num="112" count="5" type="cond" truecount="0" falsecount="1"/>
        <line num="113" count="5" type="stmt"/>
        <line num="115" count="500" type="stmt"/>
        <line num="117" count="500" type="stmt"/>
        <line num="118" count="500" type="stmt"/>
        <line num="119" count="797" type="stmt"/>
        <line num="120" count="797" type="cond" truecount="0" falsecount="1"/>
        <line num="121" count="0" type="stmt"/>
        <line num="123" count="797" type="cond" truecount="1" falsecount="0"/>
        <line num="124" count="206" type="stmt"/>
        <line num="125" count="206" type="stmt"/>
        <line num="128" count="500" type="stmt"/>
        <line num="132" count="1" type="stmt"/>
        <line num="133" count="6" type="stmt"/>
        <line num="137" count="1" type="stmt"/>
      </file>
      <file name="feed.service.ts" path="/Users/akash/project/assignment/koto/koto-feed-search/src/feed/feed.service.ts">
        <metrics statements="44" coveredstatements="44" conditionals="6" coveredconditionals="6" methods="7" coveredmethods="7"/>
        <line num="1" count="1" type="stmt"/>
        <line num="2" count="1" type="stmt"/>
        <line num="3" count="1" type="stmt"/>
        <line num="6" count="1" type="stmt"/>
        <line num="8" count="8" type="stmt"/>
        <line num="13" count="1" type="stmt"/>
        <line num="14" count="6" type="stmt"/>
        <line num="15" count="6" type="stmt"/>
        <line num="16" count="6" type="stmt"/>
        <line num="17" count="6" type="stmt"/>
        <line num="26" count="1" type="stmt"/>
        <line num="27" count="5" type="stmt"/>
        <line num="28" count="5" type="stmt"/>
        <line num="30" count="5" type="stmt"/>
        <line num="32" count="5" type="cond" truecount="4" falsecount="0"/>
        <line num="33" count="2" type="stmt"/>
        <line num="35" count="3" type="cond" truecount="2" falsecount="0"/>
        <line num="36" count="1" type="stmt"/>
        <line num="37" count="1" type="stmt"/>
        <line num="39" count="2" type="stmt"/>
        <line num="40" count="2" type="stmt"/>
        <line num="41" count="2" type="stmt"/>
        <line num="43" count="3" type="stmt"/>
        <line num="46" count="1" type="stmt"/>
        <line num="47" count="5" type="stmt"/>
        <line num="48" count="5" type="stmt"/>
        <line num="49" count="5" type="stmt"/>
        <line num="51" count="5" type="stmt"/>
        <line num="52" count="5" type="stmt"/>
        <line num="54" count="5" type="stmt"/>
        <line num="56" count="5" type="stmt"/>
        <line num="57" count="5" type="stmt"/>
        <line num="61" count="1" type="stmt"/>
        <line num="62" count="11" type="stmt"/>
        <line num="63" count="11" type="stmt"/>
        <line num="64" count="11" type="stmt"/>
        <line num="65" count="11" type="stmt"/>
        <line num="66" count="11" type="stmt"/>
        <line num="69" count="1" type="stmt"/>
        <line num="70" count="11" type="stmt"/>
        <line num="71" count="11" type="stmt"/>
        <line num="72" count="11" type="stmt"/>
        <line num="73" count="11" type="stmt"/>
        <line num="76" count="1" type="stmt"/>
      </file>
    </package>
    <package name="src.feed.dto">
      <metrics statements="16" coveredstatements="16" conditionals="0" coveredconditionals="0" methods="4" coveredmethods="4"/>
      <file name="feed.dto.ts" path="/Users/akash/project/assignment/koto/koto-feed-search/src/feed/dto/feed.dto.ts">
        <metrics statements="16" coveredstatements="16" conditionals="0" coveredconditionals="0" methods="4" coveredmethods="4"/>
        <line num="1" count="1" type="stmt"/>
        <line num="3" count="1" type="stmt"/>
        <line num="5" count="1" type="stmt"/>
        <line num="9" count="1" type="stmt"/>
        <line num="12" count="1" type="stmt"/>
        <line num="15" count="1" type="stmt"/>
        <line num="17" count="800" type="stmt"/>
        <line num="18" count="800" type="stmt"/>
        <line num="19" count="800" type="stmt"/>
        <line num="20" count="800" type="stmt"/>
        <line num="21" count="800" type="stmt"/>
        <line num="23" count="1" type="stmt"/>
        <line num="26" count="1" type="stmt"/>
        <line num="29" count="1" type="stmt"/>
        <line num="32" count="1" type="stmt"/>
        <line num="36" count="1" type="stmt"/>
      </file>
    </package>
  </project>
</coverage>
