{"/Users/akash/project/assignment/koto/koto-feed-search/src/app.contoller.ts": {"path":"/Users/akash/project/assignment/koto/koto-feed-search/src/app.contoller.ts","statementMap":{"0":{"start":{"line":1,"column":0},"end":{"line":1,"column":95}},"1":{"start":{"line":4,"column":0},"end":{"line":4,"column":13}},"2":{"start":{"line":7,"column":4},"end":{"line":9,"column":null}},"3":{"start":{"line":8,"column":8},"end":{"line":8,"column":30}},"4":{"start":{"line":4,"column":13},"end":{"line":10,"column":null}},"5":{"start":{"line":10,"column":0},"end":{"line":10,"column":null}},"6":{"start":{"line":4,"column":13},"end":{"line":4,"column":26}}},"fnMap":{"0":{"name":"(anonymous_2)","decl":{"start":{"line":4,"column":0},"end":{"line":4,"column":13}},"loc":{"start":{"line":4,"column":0},"end":{"line":4,"column":13}}},"1":{"name":"(anonymous_4)","decl":{"start":{"line":7,"column":4},"end":{"line":7,"column":12}},"loc":{"start":{"line":7,"column":4},"end":{"line":9,"column":5}}}},"branchMap":{},"s":{"0":1,"1":1,"2":2,"3":1,"4":1,"5":1,"6":1},"f":{"0":2,"1":1},"b":{}}
,"/Users/akash/project/assignment/koto/koto-feed-search/src/app.module.ts": {"path":"/Users/akash/project/assignment/koto/koto-feed-search/src/app.module.ts","statementMap":{"0":{"start":{"line":1,"column":0},"end":{"line":1,"column":64}},"1":{"start":{"line":2,"column":0},"end":{"line":2,"column":56}},"2":{"start":{"line":3,"column":0},"end":{"line":3,"column":50}},"3":{"start":{"line":4,"column":0},"end":{"line":4,"column":48}},"4":{"start":{"line":5,"column":0},"end":{"line":5,"column":37}},"5":{"start":{"line":6,"column":0},"end":{"line":6,"column":48}},"6":{"start":{"line":7,"column":0},"end":{"line":7,"column":46}},"7":{"start":{"line":8,"column":0},"end":{"line":8,"column":55}},"8":{"start":{"line":20,"column":0},"end":{"line":20,"column":13}},"9":{"start":{"line":22,"column":23},"end":{"line":22,"column":35}},"10":{"start":{"line":25,"column":10},"end":{"line":27,"column":null}},"11":{"start":{"line":26,"column":6},"end":{"line":26,"column":35}},"12":{"start":{"line":20,"column":13},"end":{"line":28,"column":null}},"13":{"start":{"line":28,"column":2},"end":{"line":28,"column":null}},"14":{"start":{"line":20,"column":13},"end":{"line":20,"column":22}}},"fnMap":{"0":{"name":"(anonymous_15)","decl":{"start":{"line":20,"column":0},"end":{"line":20,"column":13}},"loc":{"start":{"line":20,"column":0},"end":{"line":20,"column":13}}},"1":{"name":"AppModule","decl":{"start":{"line":21,"column":4},"end":{"line":21,"column":null}},"loc":{"start":{"line":22,"column":45},"end":{"line":23,"column":8}}},"2":{"name":"(anonymous_17)","decl":{"start":{"line":25,"column":4},"end":{"line":25,"column":10}},"loc":{"start":{"line":25,"column":4},"end":{"line":27,"column":null}}}},"branchMap":{"0":{"loc":{"start":{"line":26,"column":6},"end":{"line":26,"column":35}},"type":"switch","locations":[{"start":{"line":26,"column":6},"end":{"line":26,"column":35}}]}},"s":{"0":0,"1":0,"2":0,"3":0,"4":0,"5":0,"6":0,"7":0,"8":0,"9":0,"10":0,"11":0,"12":0,"13":0,"14":0},"f":{"0":0,"1":0,"2":0},"b":{"0":[0]}}
,"/Users/akash/project/assignment/koto/koto-feed-search/src/main.ts": {"path":"/Users/akash/project/assignment/koto/koto-feed-search/src/main.ts","statementMap":{"0":{"start":{"line":1,"column":0},"end":{"line":1,"column":43}},"1":{"start":{"line":2,"column":0},"end":{"line":2,"column":41}},"2":{"start":{"line":23,"column":14},"end":{"line":23,"column":null}},"3":{"start":{"line":23,"column":8},"end":{"line":23,"column":null}},"4":{"start":{"line":24,"column":2},"end":{"line":24,"column":19}},"5":{"start":{"line":25,"column":2},"end":{"line":25,"column":25}},"6":{"start":{"line":28,"column":0},"end":{"line":28,"column":12}}},"fnMap":{"0":{"name":"bootstrap","decl":{"start":{"line":22,"column":15},"end":{"line":22,"column":24}},"loc":{"start":{"line":22,"column":24},"end":{"line":27,"column":null}}}},"branchMap":{"0":{"loc":{"start":{"line":23,"column":14},"end":{"line":23,"column":null}},"type":"switch","locations":[{"start":{"line":23,"column":14},"end":{"line":23,"column":null}}]}},"s":{"0":0,"1":0,"2":0,"3":0,"4":0,"5":0,"6":0},"f":{"0":0},"b":{"0":[0]}}
,"/Users/akash/project/assignment/koto/koto-feed-search/src/config/data-source.ts": {"path":"/Users/akash/project/assignment/koto/koto-feed-search/src/config/data-source.ts","statementMap":{"0":{"start":{"line":1,"column":0},"end":{"line":1,"column":25}},"1":{"start":{"line":2,"column":0},"end":{"line":2,"column":37}},"2":{"start":{"line":6,"column":13},"end":{"line":13,"column":null}}},"fnMap":{},"branchMap":{},"s":{"0":1,"1":1,"2":1},"f":{},"b":{}}
,"/Users/akash/project/assignment/koto/koto-feed-search/src/entity/Feed.ts": {"path":"/Users/akash/project/assignment/koto/koto-feed-search/src/entity/Feed.ts","statementMap":{"0":{"start":{"line":1,"column":0},"end":{"line":1,"column":64}},"1":{"start":{"line":4,"column":0},"end":{"line":4,"column":13}},"2":{"start":{"line":7,"column":4},"end":{"line":7,"column":null}},"3":{"start":{"line":10,"column":4},"end":{"line":10,"column":null}},"4":{"start":{"line":13,"column":4},"end":{"line":13,"column":null}},"5":{"start":{"line":16,"column":4},"end":{"line":16,"column":null}},"6":{"start":{"line":19,"column":4},"end":{"line":19,"column":null}},"7":{"start":{"line":4,"column":13},"end":{"line":21,"column":null}},"8":{"start":{"line":21,"column":0},"end":{"line":21,"column":null}},"9":{"start":{"line":4,"column":13},"end":{"line":4,"column":17}}},"fnMap":{"0":{"name":"(anonymous_2)","decl":{"start":{"line":4,"column":0},"end":{"line":4,"column":13}},"loc":{"start":{"line":4,"column":0},"end":{"line":4,"column":13}}}},"branchMap":{},"s":{"0":1,"1":1,"2":1,"3":1,"4":1,"5":1,"6":1,"7":1,"8":1,"9":1},"f":{"0":633},"b":{}}
,"/Users/akash/project/assignment/koto/koto-feed-search/src/feed/feed.controller.ts": {"path":"/Users/akash/project/assignment/koto/koto-feed-search/src/feed/feed.controller.ts","statementMap":{"0":{"start":{"line":1,"column":0},"end":{"line":1,"column":95}},"1":{"start":{"line":2,"column":0},"end":{"line":2,"column":45}},"2":{"start":{"line":5,"column":0},"end":{"line":5,"column":13}},"3":{"start":{"line":6,"column":33},"end":{"line":6,"column":46}},"4":{"start":{"line":9,"column":4},"end":{"line":11,"column":null}},"5":{"start":{"line":10,"column":8},"end":{"line":10,"column":null}},"6":{"start":{"line":15,"column":4},"end":{"line":22,"column":null}},"7":{"start":{"line":21,"column":8},"end":{"line":21,"column":null}},"8":{"start":{"line":5,"column":13},"end":{"line":23,"column":null}},"9":{"start":{"line":23,"column":0},"end":{"line":23,"column":null}},"10":{"start":{"line":5,"column":13},"end":{"line":5,"column":27}}},"fnMap":{"0":{"name":"(anonymous_4)","decl":{"start":{"line":5,"column":0},"end":{"line":5,"column":13}},"loc":{"start":{"line":5,"column":0},"end":{"line":5,"column":13}}},"1":{"name":"FeedController","decl":{"start":{"line":6,"column":4},"end":{"line":6,"column":33}},"loc":{"start":{"line":6,"column":57},"end":{"line":6,"column":61}}},"2":{"name":"(anonymous_6)","decl":{"start":{"line":9,"column":4},"end":{"line":9,"column":14}},"loc":{"start":{"line":9,"column":4},"end":{"line":11,"column":5}}},"3":{"name":"(anonymous_7)","decl":{"start":{"line":15,"column":4},"end":{"line":15,"column":15}},"loc":{"start":{"line":18,"column":77},"end":{"line":22,"column":5}}}},"branchMap":{},"s":{"0":1,"1":1,"2":1,"3":7,"4":2,"5":4,"6":2,"7":4,"8":1,"9":1,"10":1},"f":{"0":1,"1":7,"2":4,"3":4},"b":{}}
,"/Users/akash/project/assignment/koto/koto-feed-search/src/feed/feed.service.ts": {"path":"/Users/akash/project/assignment/koto/koto-feed-search/src/feed/feed.service.ts","statementMap":{"0":{"start":{"line":1,"column":0},"end":{"line":1,"column":44}},"1":{"start":{"line":2,"column":0},"end":{"line":2,"column":38}},"2":{"start":{"line":3,"column":0},"end":{"line":3,"column":60}},"3":{"start":{"line":4,"column":0},"end":{"line":4,"column":51}},"4":{"start":{"line":5,"column":0},"end":{"line":5,"column":45}},"5":{"start":{"line":6,"column":0},"end":{"line":6,"column":60}},"6":{"start":{"line":9,"column":0},"end":{"line":9,"column":13}},"7":{"start":{"line":13,"column":16},"end":{"line":13,"column":32}},"8":{"start":{"line":18,"column":10},"end":{"line":20,"column":null}},"9":{"start":{"line":19,"column":8},"end":{"line":19,"column":null}},"10":{"start":{"line":22,"column":10},"end":{"line":27,"column":null}},"11":{"start":{"line":23,"column":22},"end":{"line":23,"column":null}},"12":{"start":{"line":23,"column":14},"end":{"line":23,"column":null}},"13":{"start":{"line":24,"column":27},"end":{"line":24,"column":null}},"14":{"start":{"line":24,"column":14},"end":{"line":24,"column":null}},"15":{"start":{"line":25,"column":39},"end":{"line":25,"column":null}},"16":{"start":{"line":25,"column":14},"end":{"line":25,"column":null}},"17":{"start":{"line":26,"column":8},"end":{"line":26,"column":60}},"18":{"start":{"line":30,"column":4},"end":{"line":63,"column":null}},"19":{"start":{"line":32,"column":23},"end":{"line":32,"column":33}},"20":{"start":{"line":34,"column":8},"end":{"line":40,"column":null}},"21":{"start":{"line":41,"column":34},"end":{"line":41,"column":49}},"22":{"start":{"line":43,"column":8},"end":{"line":45,"column":null}},"23":{"start":{"line":44,"column":12},"end":{"line":44,"column":25}},"24":{"start":{"line":46,"column":8},"end":{"line":61,"column":null}},"25":{"start":{"line":47,"column":12},"end":{"line":49,"column":null}},"26":{"start":{"line":51,"column":12},"end":{"line":51,"column":null}},"27":{"start":{"line":52,"column":30},"end":{"line":52,"column":32}},"28":{"start":{"line":53,"column":12},"end":{"line":55,"column":null}},"29":{"start":{"line":54,"column":16},"end":{"line":54,"column":null}},"30":{"start":{"line":56,"column":12},"end":{"line":60,"column":null}},"31":{"start":{"line":62,"column":8},"end":{"line":62,"column":null}},"32":{"start":{"line":65,"column":10},"end":{"line":76,"column":null}},"33":{"start":{"line":68,"column":14},"end":{"line":68,"column":85}},"34":{"start":{"line":70,"column":36},"end":{"line":70,"column":null}},"35":{"start":{"line":70,"column":14},"end":{"line":70,"column":null}},"36":{"start":{"line":72,"column":27},"end":{"line":72,"column":null}},"37":{"start":{"line":72,"column":14},"end":{"line":72,"column":null}},"38":{"start":{"line":74,"column":39},"end":{"line":74,"column":null}},"39":{"start":{"line":74,"column":14},"end":{"line":74,"column":null}},"40":{"start":{"line":75,"column":8},"end":{"line":75,"column":61}},"41":{"start":{"line":79,"column":10},"end":{"line":85,"column":null}},"42":{"start":{"line":80,"column":14},"end":{"line":80,"column":null}},"43":{"start":{"line":81,"column":14},"end":{"line":81,"column":50}},"44":{"start":{"line":82,"column":8},"end":{"line":82,"column":37}},"45":{"start":{"line":83,"column":8},"end":{"line":83,"column":47}},"46":{"start":{"line":84,"column":8},"end":{"line":84,"column":32}},"47":{"start":{"line":87,"column":4},"end":{"line":92,"column":null}},"48":{"start":{"line":88,"column":31},"end":{"line":88,"column":51}},"49":{"start":{"line":89,"column":8},"end":{"line":89,"column":36}},"50":{"start":{"line":90,"column":8},"end":{"line":90,"column":47}},"51":{"start":{"line":91,"column":8},"end":{"line":91,"column":30}},"52":{"start":{"line":9,"column":13},"end":{"line":94,"column":null}},"53":{"start":{"line":94,"column":0},"end":{"line":94,"column":null}},"54":{"start":{"line":9,"column":13},"end":{"line":9,"column":24}}},"fnMap":{"0":{"name":"(anonymous_17)","decl":{"start":{"line":9,"column":0},"end":{"line":9,"column":13}},"loc":{"start":{"line":9,"column":0},"end":{"line":9,"column":13}}},"1":{"name":"FeedService","decl":{"start":{"line":11,"column":4},"end":{"line":11,"column":null}},"loc":{"start":{"line":13,"column":48},"end":{"line":16,"column":5}}},"2":{"name":"(anonymous_19)","decl":{"start":{"line":18,"column":4},"end":{"line":18,"column":10}},"loc":{"start":{"line":18,"column":4},"end":{"line":20,"column":null}}},"3":{"name":"(anonymous_22)","decl":{"start":{"line":22,"column":4},"end":{"line":22,"column":10}},"loc":{"start":{"line":22,"column":4},"end":{"line":27,"column":null}}},"4":{"name":"(anonymous_25)","decl":{"start":{"line":30,"column":4},"end":{"line":30,"column":20}},"loc":{"start":{"line":30,"column":45},"end":{"line":63,"column":5}}},"5":{"name":"(anonymous_26)","decl":{"start":{"line":53,"column":25},"end":{"line":53,"column":28}},"loc":{"start":{"line":53,"column":28},"end":{"line":55,"column":13}}},"6":{"name":"(anonymous_27)","decl":{"start":{"line":65,"column":4},"end":{"line":65,"column":10}},"loc":{"start":{"line":65,"column":64},"end":{"line":76,"column":null}}},"7":{"name":"(anonymous_30)","decl":{"start":{"line":79,"column":4},"end":{"line":79,"column":10}},"loc":{"start":{"line":79,"column":77},"end":{"line":85,"column":null}}},"8":{"name":"(anonymous_33)","decl":{"start":{"line":87,"column":4},"end":{"line":87,"column":24}},"loc":{"start":{"line":87,"column":62},"end":{"line":92,"column":5}}}},"branchMap":{"0":{"loc":{"start":{"line":19,"column":8},"end":{"line":19,"column":null}},"type":"switch","locations":[{"start":{"line":19,"column":8},"end":{"line":19,"column":null}}]},"1":{"loc":{"start":{"line":23,"column":22},"end":{"line":23,"column":null}},"type":"switch","locations":[{"start":{"line":23,"column":22},"end":{"line":23,"column":null}}]},"2":{"loc":{"start":{"line":43,"column":8},"end":{"line":45,"column":null}},"type":"if","locations":[{"start":{"line":43,"column":8},"end":{"line":45,"column":null}}]},"3":{"loc":{"start":{"line":43,"column":12},"end":{"line":43,"column":47}},"type":"binary-expr","locations":[{"start":{"line":43,"column":12},"end":{"line":43,"column":16}},{"start":{"line":43,"column":21},"end":{"line":43,"column":34}},{"start":{"line":43,"column":38},"end":{"line":43,"column":46}}]},"4":{"loc":{"start":{"line":46,"column":8},"end":{"line":61,"column":null}},"type":"if","locations":[{"start":{"line":46,"column":8},"end":{"line":61,"column":null}},{"start":{"line":50,"column":13},"end":{"line":61,"column":null}}]}},"s":{"0":1,"1":1,"2":1,"3":1,"4":1,"5":1,"6":1,"7":7,"8":1,"9":14,"10":1,"11":6,"12":6,"13":6,"14":6,"15":6,"16":6,"17":6,"18":1,"19":4,"20":4,"21":4,"22":4,"23":2,"24":2,"25":1,"26":1,"27":1,"28":1,"29":2,"30":1,"31":2,"32":1,"33":4,"34":4,"35":4,"36":4,"37":4,"38":4,"39":4,"40":4,"41":1,"42":10,"43":10,"44":10,"45":10,"46":10,"47":1,"48":10,"49":10,"50":10,"51":10,"52":1,"53":1,"54":1},"f":{"0":1,"1":7,"2":7,"3":6,"4":4,"5":2,"6":4,"7":10,"8":10},"b":{"0":[7],"1":[6],"2":[2],"3":[4,2,1],"4":[1,1]}}
,"/Users/akash/project/assignment/koto/koto-feed-search/src/feed/dto/feed.dto.ts": {"path":"/Users/akash/project/assignment/koto/koto-feed-search/src/feed/dto/feed.dto.ts","statementMap":{"0":{"start":{"line":1,"column":0},"end":{"line":1,"column":70}},"1":{"start":{"line":4,"column":0},"end":{"line":4,"column":13}},"2":{"start":{"line":18,"column":21},"end":{"line":18,"column":23}},"3":{"start":{"line":18,"column":34},"end":{"line":18,"column":36}},"4":{"start":{"line":18,"column":41},"end":{"line":18,"column":43}},"5":{"start":{"line":18,"column":57},"end":{"line":18,"column":58}},"6":{"start":{"line":19,"column":8},"end":{"line":19,"column":25}},"7":{"start":{"line":20,"column":8},"end":{"line":20,"column":27}},"8":{"start":{"line":21,"column":8},"end":{"line":21,"column":39}},"9":{"start":{"line":22,"column":8},"end":{"line":22,"column":55}},"10":{"start":{"line":6,"column":4},"end":{"line":6,"column":null}},"11":{"start":{"line":10,"column":4},"end":{"line":10,"column":null}},"12":{"start":{"line":13,"column":4},"end":{"line":13,"column":null}},"13":{"start":{"line":16,"column":4},"end":{"line":16,"column":null}},"14":{"start":{"line":24,"column":0},"end":{"line":24,"column":null}},"15":{"start":{"line":4,"column":13},"end":{"line":4,"column":28}},"16":{"start":{"line":27,"column":0},"end":{"line":27,"column":13}},"17":{"start":{"line":30,"column":0},"end":{"line":30,"column":null}},"18":{"start":{"line":27,"column":13},"end":{"line":27,"column":23}},"19":{"start":{"line":33,"column":0},"end":{"line":33,"column":13}},"20":{"start":{"line":37,"column":0},"end":{"line":37,"column":null}},"21":{"start":{"line":33,"column":13},"end":{"line":33,"column":27}}},"fnMap":{"0":{"name":"(anonymous_2)","decl":{"start":{"line":4,"column":0},"end":{"line":4,"column":13}},"loc":{"start":{"line":4,"column":0},"end":{"line":4,"column":13}}},"1":{"name":"FeedCreationDto","decl":{"start":{"line":18,"column":4},"end":{"line":18,"column":16}},"loc":{"start":{"line":18,"column":58},"end":{"line":23,"column":5}}},"2":{"name":"(anonymous_4)","decl":{"start":{"line":27,"column":0},"end":{"line":27,"column":13}},"loc":{"start":{"line":27,"column":0},"end":{"line":30,"column":null}}},"3":{"name":"(anonymous_6)","decl":{"start":{"line":33,"column":0},"end":{"line":33,"column":13}},"loc":{"start":{"line":33,"column":0},"end":{"line":37,"column":null}}}},"branchMap":{},"s":{"0":1,"1":1,"2":700,"3":700,"4":700,"5":700,"6":700,"7":700,"8":700,"9":700,"10":1,"11":1,"12":1,"13":1,"14":1,"15":1,"16":1,"17":1,"18":1,"19":1,"20":1,"21":1},"f":{"0":1,"1":700,"2":11,"3":11},"b":{}}
,"/Users/akash/project/assignment/koto/koto-feed-search/src/feed/seeders/feed.seeder.ts": {"path":"/Users/akash/project/assignment/koto/koto-feed-search/src/feed/seeders/feed.seeder.ts","statementMap":{"0":{"start":{"line":1,"column":0},"end":{"line":1,"column":52}},"1":{"start":{"line":2,"column":0},"end":{"line":2,"column":50}},"2":{"start":{"line":4,"column":0},"end":{"line":4,"column":44}},"3":{"start":{"line":5,"column":0},"end":{"line":5,"column":51}},"4":{"start":{"line":6,"column":0},"end":{"line":6,"column":37}},"5":{"start":{"line":7,"column":0},"end":{"line":7,"column":41}},"6":{"start":{"line":10,"column":0},"end":{"line":10,"column":13}},"7":{"start":{"line":13,"column":21},"end":{"line":13,"column":37}},"8":{"start":{"line":16,"column":8},"end":{"line":23,"column":null}},"9":{"start":{"line":17,"column":31},"end":{"line":17,"column":null}},"10":{"start":{"line":17,"column":23},"end":{"line":17,"column":null}},"11":{"start":{"line":17,"column":15},"end":{"line":17,"column":23}},"12":{"start":{"line":18,"column":12},"end":{"line":18,"column":58}},"13":{"start":{"line":19,"column":6},"end":{"line":19,"column":49}},"14":{"start":{"line":21,"column":18},"end":{"line":21,"column":null}},"15":{"start":{"line":21,"column":10},"end":{"line":21,"column":null}},"16":{"start":{"line":22,"column":4},"end":{"line":22,"column":50}},"17":{"start":{"line":10,"column":13},"end":{"line":24,"column":null}},"18":{"start":{"line":24,"column":0},"end":{"line":24,"column":null}},"19":{"start":{"line":10,"column":13},"end":{"line":10,"column":23}},"20":{"start":{"line":27,"column":22},"end":{"line":35,"column":null}},"21":{"start":{"line":27,"column":42},"end":{"line":35,"column":null}},"22":{"start":{"line":28,"column":12},"end":{"line":28,"column":17}},"23":{"start":{"line":28,"column":17},"end":{"line":28,"column":36}},"24":{"start":{"line":28,"column":34},"end":{"line":28,"column":36}},"25":{"start":{"line":29,"column":14},"end":{"line":29,"column":null}},"26":{"start":{"line":30,"column":8},"end":{"line":30,"column":null}},"27":{"start":{"line":28,"column":36},"end":{"line":28,"column":null}},"28":{"start":{"line":32,"column":18},"end":{"line":32,"column":null}},"29":{"start":{"line":32,"column":10},"end":{"line":32,"column":null}},"30":{"start":{"line":33,"column":4},"end":{"line":33,"column":null}},"31":{"start":{"line":27,"column":13},"end":{"line":27,"column":22}}},"fnMap":{"0":{"name":"(anonymous_18)","decl":{"start":{"line":10,"column":0},"end":{"line":10,"column":13}},"loc":{"start":{"line":10,"column":0},"end":{"line":10,"column":13}}},"1":{"name":"FeedSeeder","decl":{"start":{"line":11,"column":2},"end":{"line":11,"column":null}},"loc":{"start":{"line":13,"column":53},"end":{"line":14,"column":6}}},"2":{"name":"(anonymous_20)","decl":{"start":{"line":16,"column":2},"end":{"line":16,"column":8}},"loc":{"start":{"line":16,"column":2},"end":{"line":23,"column":null}}},"3":{"name":"(anonymous_23)","decl":{"start":{"line":27,"column":22},"end":{"line":27,"column":28}},"loc":{"start":{"line":27,"column":42},"end":{"line":35,"column":null}}},"4":{"name":"(anonymous_24)","decl":{"start":{"line":27,"column":42},"end":{"line":27,"column":null}},"loc":{"start":{"line":27,"column":42},"end":{"line":35,"column":null}}}},"branchMap":{"0":{"loc":{"start":{"line":21,"column":18},"end":{"line":21,"column":null}},"type":"switch","locations":[{"start":{"line":21,"column":18},"end":{"line":21,"column":null}}]},"1":{"loc":{"start":{"line":17,"column":23},"end":{"line":17,"column":null}},"type":"if","locations":[{"start":{"line":17,"column":23},"end":{"line":17,"column":null}}]},"2":{"loc":{"start":{"line":32,"column":18},"end":{"line":32,"column":null}},"type":"switch","locations":[{"start":{"line":32,"column":18},"end":{"line":32,"column":null}}]},"3":{"loc":{"start":{"line":28,"column":17},"end":{"line":28,"column":36}},"type":"if","locations":[{"start":{"line":28,"column":17},"end":{"line":28,"column":36}}]}},"s":{"0":1,"1":1,"2":1,"3":1,"4":1,"5":1,"6":1,"7":0,"8":1,"9":0,"10":0,"11":0,"12":0,"13":0,"14":0,"15":0,"16":0,"17":1,"18":1,"19":1,"20":1,"21":7,"22":7,"23":707,"24":7,"25":700,"26":1400,"27":700,"28":7,"29":7,"30":7,"31":1},"f":{"0":1,"1":0,"2":0,"3":7,"4":7},"b":{"0":[0],"1":[0],"2":[7],"3":[7]}}
}
