{"/Users/akash/project/assignment/koto/koto-feed-search/src/app.contoller.ts": {"path":"/Users/akash/project/assignment/koto/koto-feed-search/src/app.contoller.ts","statementMap":{"0":{"start":{"line":1,"column":0},"end":{"line":1,"column":95}},"1":{"start":{"line":4,"column":0},"end":{"line":4,"column":13}},"2":{"start":{"line":7,"column":4},"end":{"line":9,"column":null}},"3":{"start":{"line":8,"column":8},"end":{"line":8,"column":30}},"4":{"start":{"line":4,"column":13},"end":{"line":10,"column":null}},"5":{"start":{"line":10,"column":0},"end":{"line":10,"column":null}},"6":{"start":{"line":4,"column":13},"end":{"line":4,"column":26}}},"fnMap":{"0":{"name":"(anonymous_2)","decl":{"start":{"line":4,"column":0},"end":{"line":4,"column":13}},"loc":{"start":{"line":4,"column":0},"end":{"line":4,"column":13}}},"1":{"name":"(anonymous_4)","decl":{"start":{"line":7,"column":4},"end":{"line":7,"column":12}},"loc":{"start":{"line":7,"column":4},"end":{"line":9,"column":5}}}},"branchMap":{},"s":{"0":1,"1":1,"2":2,"3":1,"4":1,"5":1,"6":1},"f":{"0":2,"1":1},"b":{}}
,"/Users/akash/project/assignment/koto/koto-feed-search/src/app.module.ts": {"path":"/Users/akash/project/assignment/koto/koto-feed-search/src/app.module.ts","statementMap":{"0":{"start":{"line":1,"column":0},"end":{"line":1,"column":40}},"1":{"start":{"line":2,"column":0},"end":{"line":2,"column":56}},"2":{"start":{"line":3,"column":0},"end":{"line":3,"column":50}},"3":{"start":{"line":4,"column":0},"end":{"line":4,"column":48}},"4":{"start":{"line":5,"column":0},"end":{"line":5,"column":56}},"5":{"start":{"line":16,"column":0},"end":{"line":16,"column":13}},"6":{"start":{"line":16,"column":13},"end":{"line":16,"column":null}},"7":{"start":{"line":16,"column":23},"end":{"line":16,"column":null}},"8":{"start":{"line":16,"column":13},"end":{"line":16,"column":22}}},"fnMap":{"0":{"name":"(anonymous_1)","decl":{"start":{"line":16,"column":0},"end":{"line":16,"column":13}},"loc":{"start":{"line":16,"column":0},"end":{"line":16,"column":13}}}},"branchMap":{},"s":{"0":0,"1":0,"2":0,"3":0,"4":0,"5":0,"6":0,"7":0,"8":0},"f":{"0":0},"b":{}}
,"/Users/akash/project/assignment/koto/koto-feed-search/src/main.ts": {"path":"/Users/akash/project/assignment/koto/koto-feed-search/src/main.ts","statementMap":{"0":{"start":{"line":1,"column":0},"end":{"line":1,"column":43}},"1":{"start":{"line":2,"column":0},"end":{"line":2,"column":41}},"2":{"start":{"line":6,"column":14},"end":{"line":6,"column":null}},"3":{"start":{"line":6,"column":8},"end":{"line":6,"column":null}},"4":{"start":{"line":7,"column":2},"end":{"line":7,"column":19}},"5":{"start":{"line":8,"column":2},"end":{"line":8,"column":25}},"6":{"start":{"line":11,"column":0},"end":{"line":11,"column":12}}},"fnMap":{"0":{"name":"bootstrap","decl":{"start":{"line":5,"column":15},"end":{"line":5,"column":24}},"loc":{"start":{"line":5,"column":24},"end":{"line":10,"column":null}}}},"branchMap":{"0":{"loc":{"start":{"line":6,"column":14},"end":{"line":6,"column":null}},"type":"switch","locations":[{"start":{"line":6,"column":14},"end":{"line":6,"column":null}}]}},"s":{"0":0,"1":0,"2":0,"3":0,"4":0,"5":0,"6":0},"f":{"0":0},"b":{"0":[0]}}
,"/Users/akash/project/assignment/koto/koto-feed-search/src/feed/feed.controller.ts": {"path":"/Users/akash/project/assignment/koto/koto-feed-search/src/feed/feed.controller.ts","statementMap":{"0":{"start":{"line":1,"column":0},"end":{"line":1,"column":88}},"1":{"start":{"line":2,"column":0},"end":{"line":2,"column":45}},"2":{"start":{"line":5,"column":0},"end":{"line":5,"column":13}},"3":{"start":{"line":6,"column":33},"end":{"line":6,"column":46}},"4":{"start":{"line":9,"column":4},"end":{"line":11,"column":null}},"5":{"start":{"line":10,"column":8},"end":{"line":10,"column":null}},"6":{"start":{"line":15,"column":4},"end":{"line":21,"column":null}},"7":{"start":{"line":20,"column":8},"end":{"line":20,"column":null}},"8":{"start":{"line":5,"column":13},"end":{"line":22,"column":null}},"9":{"start":{"line":22,"column":0},"end":{"line":22,"column":null}},"10":{"start":{"line":5,"column":13},"end":{"line":5,"column":27}}},"fnMap":{"0":{"name":"(anonymous_4)","decl":{"start":{"line":5,"column":0},"end":{"line":5,"column":13}},"loc":{"start":{"line":5,"column":0},"end":{"line":5,"column":13}}},"1":{"name":"FeedController","decl":{"start":{"line":6,"column":4},"end":{"line":6,"column":33}},"loc":{"start":{"line":6,"column":57},"end":{"line":6,"column":61}}},"2":{"name":"(anonymous_6)","decl":{"start":{"line":9,"column":4},"end":{"line":9,"column":14}},"loc":{"start":{"line":9,"column":4},"end":{"line":11,"column":5}}},"3":{"name":"(anonymous_7)","decl":{"start":{"line":15,"column":4},"end":{"line":15,"column":15}},"loc":{"start":{"line":18,"column":77},"end":{"line":21,"column":5}}}},"branchMap":{},"s":{"0":1,"1":1,"2":1,"3":8,"4":2,"5":4,"6":2,"7":5,"8":1,"9":1,"10":1},"f":{"0":1,"1":8,"2":4,"3":5},"b":{}}
,"/Users/akash/project/assignment/koto/koto-feed-search/src/feed/feed.repository.ts": {"path":"/Users/akash/project/assignment/koto/koto-feed-search/src/feed/feed.repository.ts","statementMap":{"0":{"start":{"line":2,"column":0},"end":{"line":2,"column":39}},"1":{"start":{"line":3,"column":0},"end":{"line":3,"column":49}},"2":{"start":{"line":5,"column":0},"end":{"line":5,"column":13}},"3":{"start":{"line":18,"column":16},"end":{"line":18,"column":null}},"4":{"start":{"line":19,"column":8},"end":{"line":19,"column":25}},"5":{"start":{"line":21,"column":8},"end":{"line":23,"column":null}},"6":{"start":{"line":22,"column":12},"end":{"line":22,"column":30}},"7":{"start":{"line":24,"column":8},"end":{"line":24,"column":null}},"8":{"start":{"line":27,"column":4},"end":{"line":31,"column":null}},"9":{"start":{"line":28,"column":8},"end":{"line":30,"column":null}},"10":{"start":{"line":28,"column":18},"end":{"line":28,"column":19}},"11":{"start":{"line":29,"column":12},"end":{"line":29,"column":53}},"12":{"start":{"line":33,"column":4},"end":{"line":40,"column":null}},"13":{"start":{"line":34,"column":8},"end":{"line":39,"column":null}},"14":{"start":{"line":35,"column":12},"end":{"line":38,"column":null}},"15":{"start":{"line":36,"column":16},"end":{"line":36,"column":null}},"16":{"start":{"line":38,"column":16},"end":{"line":38,"column":null}},"17":{"start":{"line":49,"column":4},"end":{"line":52,"column":null}},"18":{"start":{"line":50,"column":8},"end":{"line":50,"column":51}},"19":{"start":{"line":51,"column":8},"end":{"line":51,"column":null}},"20":{"start":{"line":61,"column":12},"end":{"line":68,"column":null}},"21":{"start":{"line":62,"column":8},"end":{"line":66,"column":null}},"22":{"start":{"line":63,"column":12},"end":{"line":65,"column":null}},"23":{"start":{"line":64,"column":16},"end":{"line":64,"column":45}},"24":{"start":{"line":67,"column":8},"end":{"line":67,"column":null}},"25":{"start":{"line":82,"column":12},"end":{"line":98,"column":null}},"26":{"start":{"line":83,"column":36},"end":{"line":83,"column":56}},"27":{"start":{"line":84,"column":18},"end":{"line":84,"column":23}},"28":{"start":{"line":85,"column":8},"end":{"line":86,"column":null}},"29":{"start":{"line":86,"column":12},"end":{"line":86,"column":null}},"30":{"start":{"line":88,"column":8},"end":{"line":88,"column":73}},"31":{"start":{"line":90,"column":8},"end":{"line":95,"column":null}},"32":{"start":{"line":91,"column":28},"end":{"line":91,"column":36}},"33":{"start":{"line":92,"column":12},"end":{"line":94,"column":null}},"34":{"start":{"line":93,"column":16},"end":{"line":93,"column":null}},"35":{"start":{"line":96,"column":8},"end":{"line":96,"column":20}},"36":{"start":{"line":110,"column":4},"end":{"line":128,"column":null}},"37":{"start":{"line":110,"column":4},"end":{"line":110,"column":8}},"38":{"start":{"line":110,"column":75},"end":{"line":110,"column":null}},"39":{"start":{"line":111,"column":8},"end":{"line":127,"column":null}},"40":{"start":{"line":113,"column":12},"end":{"line":113,"column":75}},"41":{"start":{"line":115,"column":27},"end":{"line":115,"column":43}},"42":{"start":{"line":116,"column":12},"end":{"line":125,"column":null}},"43":{"start":{"line":117,"column":30},"end":{"line":117,"column":45}},"44":{"start":{"line":118,"column":16},"end":{"line":120,"column":null}},"45":{"start":{"line":119,"column":20},"end":{"line":119,"column":58}},"46":{"start":{"line":121,"column":16},"end":{"line":124,"column":null}},"47":{"start":{"line":122,"column":20},"end":{"line":122,"column":34}},"48":{"start":{"line":123,"column":20},"end":{"line":123,"column":26}},"49":{"start":{"line":126,"column":12},"end":{"line":126,"column":23}},"50":{"start":{"line":130,"column":4},"end":{"line":132,"column":null}},"51":{"start":{"line":131,"column":8},"end":{"line":131,"column":25}},"52":{"start":{"line":135,"column":0},"end":{"line":135,"column":null}},"53":{"start":{"line":5,"column":13},"end":{"line":5,"column":27}}},"fnMap":{"0":{"name":"(anonymous_1)","decl":{"start":{"line":5,"column":0},"end":{"line":5,"column":13}},"loc":{"start":{"line":5,"column":0},"end":{"line":135,"column":null}}},"1":{"name":"FeedRepository","decl":{"start":{"line":18,"column":4},"end":{"line":18,"column":16}},"loc":{"start":{"line":18,"column":39},"end":{"line":25,"column":5}}},"2":{"name":"(anonymous_3)","decl":{"start":{"line":27,"column":4},"end":{"line":27,"column":14}},"loc":{"start":{"line":27,"column":4},"end":{"line":31,"column":5}}},"3":{"name":"(anonymous_4)","decl":{"start":{"line":33,"column":4},"end":{"line":33,"column":12}},"loc":{"start":{"line":33,"column":4},"end":{"line":40,"column":5}}},"4":{"name":"(anonymous_5)","decl":{"start":{"line":34,"column":23},"end":{"line":34,"column":24}},"loc":{"start":{"line":34,"column":34},"end":{"line":39,"column":9}}},"5":{"name":"(anonymous_6)","decl":{"start":{"line":49,"column":4},"end":{"line":49,"column":10}},"loc":{"start":{"line":49,"column":33},"end":{"line":52,"column":5}}},"6":{"name":"(anonymous_7)","decl":{"start":{"line":61,"column":4},"end":{"line":61,"column":12}},"loc":{"start":{"line":61,"column":75},"end":{"line":68,"column":5}}},"7":{"name":"(anonymous_8)","decl":{"start":{"line":63,"column":46},"end":{"line":63,"column":47}},"loc":{"start":{"line":63,"column":54},"end":{"line":65,"column":13}}},"8":{"name":"(anonymous_9)","decl":{"start":{"line":82,"column":4},"end":{"line":82,"column":12}},"loc":{"start":{"line":82,"column":107},"end":{"line":98,"column":5}}},"9":{"name":"(anonymous_10)","decl":{"start":{"line":110,"column":4},"end":{"line":110,"column":8}},"loc":{"start":{"line":110,"column":106},"end":{"line":128,"column":5}}},"10":{"name":"(anonymous_11)","decl":{"start":{"line":111,"column":32},"end":{"line":111,"column":33}},"loc":{"start":{"line":111,"column":41},"end":{"line":127,"column":9}}},"11":{"name":"(anonymous_12)","decl":{"start":{"line":130,"column":4},"end":{"line":130,"column":11}},"loc":{"start":{"line":130,"column":4},"end":{"line":132,"column":5}}}},"branchMap":{"0":{"loc":{"start":{"line":18,"column":16},"end":{"line":18,"column":null}},"type":"if","locations":[{"start":{"line":18,"column":16},"end":{"line":18,"column":null}}]},"1":{"loc":{"start":{"line":21,"column":8},"end":{"line":23,"column":null}},"type":"if","locations":[{"start":{"line":21,"column":8},"end":{"line":23,"column":null}}]},"2":{"loc":{"start":{"line":35,"column":12},"end":{"line":38,"column":null}},"type":"if","locations":[{"start":{"line":35,"column":12},"end":{"line":38,"column":null}},{"start":{"line":38,"column":16},"end":{"line":38,"column":null}}]},"3":{"loc":{"start":{"line":62,"column":8},"end":{"line":66,"column":null}},"type":"if","locations":[{"start":{"line":62,"column":8},"end":{"line":66,"column":null}}]},"4":{"loc":{"start":{"line":62,"column":11},"end":{"line":62,"column":42}},"type":"binary-expr","locations":[{"start":{"line":62,"column":11},"end":{"line":62,"column":23}},{"start":{"line":62,"column":27},"end":{"line":62,"column":42}}]},"5":{"loc":{"start":{"line":63,"column":20},"end":{"line":65,"column":14}},"type":"binary-expr","locations":[{"start":{"line":63,"column":20},"end":{"line":63,"column":32}},{"start":{"line":63,"column":36},"end":{"line":65,"column":14}}]},"6":{"loc":{"start":{"line":85,"column":8},"end":{"line":86,"column":null}},"type":"if","locations":[{"start":{"line":85,"column":8},"end":{"line":86,"column":null}}]},"7":{"loc":{"start":{"line":92,"column":12},"end":{"line":94,"column":null}},"type":"if","locations":[{"start":{"line":92,"column":12},"end":{"line":94,"column":null}}]},"8":{"loc":{"start":{"line":92,"column":15},"end":{"line":92,"column":57}},"type":"binary-expr","locations":[{"start":{"line":92,"column":15},"end":{"line":92,"column":28}},{"start":{"line":92,"column":32},"end":{"line":92,"column":57}}]},"9":{"loc":{"start":{"line":110,"column":75},"end":{"line":110,"column":null}},"type":"if","locations":[{"start":{"line":110,"column":75},"end":{"line":110,"column":null}}]},"10":{"loc":{"start":{"line":118,"column":16},"end":{"line":120,"column":null}},"type":"if","locations":[{"start":{"line":118,"column":16},"end":{"line":120,"column":null}}]},"11":{"loc":{"start":{"line":121,"column":16},"end":{"line":124,"column":null}},"type":"if","locations":[{"start":{"line":121,"column":16},"end":{"line":124,"column":null}}]}},"s":{"0":1,"1":1,"2":1,"3":16,"4":8,"5":8,"6":8,"7":8,"8":1,"9":8,"10":8,"11":800,"12":1,"13":8,"14":4280,"15":2016,"16":2264,"17":1,"18":0,"19":0,"20":1,"21":710,"22":510,"23":830,"24":710,"25":1,"26":797,"27":797,"28":797,"29":587,"30":210,"31":210,"32":22,"33":22,"34":4,"35":206,"36":1,"37":5,"38":5,"39":5,"40":500,"41":500,"42":500,"43":797,"44":797,"45":0,"46":797,"47":206,"48":206,"49":500,"50":1,"51":6,"52":1,"53":1},"f":{"0":1,"1":8,"2":8,"3":8,"4":4280,"5":0,"6":710,"7":830,"8":797,"9":5,"10":500,"11":6},"b":{"0":[8],"1":[8],"2":[2016,2264],"3":[510],"4":[710,510],"5":[510,510],"6":[587],"7":[4],"8":[22,22],"9":[0],"10":[0],"11":[206]}}
,"/Users/akash/project/assignment/koto/koto-feed-search/src/feed/feed.service.ts": {"path":"/Users/akash/project/assignment/koto/koto-feed-search/src/feed/feed.service.ts","statementMap":{"0":{"start":{"line":1,"column":0},"end":{"line":1,"column":44}},"1":{"start":{"line":2,"column":0},"end":{"line":2,"column":69}},"2":{"start":{"line":3,"column":0},"end":{"line":3,"column":51}},"3":{"start":{"line":6,"column":0},"end":{"line":6,"column":13}},"4":{"start":{"line":8,"column":33},"end":{"line":8,"column":49}},"5":{"start":{"line":13,"column":10},"end":{"line":18,"column":null}},"6":{"start":{"line":14,"column":14},"end":{"line":14,"column":53}},"7":{"start":{"line":15,"column":14},"end":{"line":15,"column":null}},"8":{"start":{"line":16,"column":39},"end":{"line":16,"column":null}},"9":{"start":{"line":16,"column":14},"end":{"line":16,"column":null}},"10":{"start":{"line":17,"column":8},"end":{"line":17,"column":61}},"11":{"start":{"line":26,"column":4},"end":{"line":44,"column":null}},"12":{"start":{"line":27,"column":30},"end":{"line":27,"column":40}},"13":{"start":{"line":28,"column":35},"end":{"line":28,"column":37}},"14":{"start":{"line":30,"column":34},"end":{"line":30,"column":49}},"15":{"start":{"line":32,"column":8},"end":{"line":34,"column":null}},"16":{"start":{"line":33,"column":12},"end":{"line":33,"column":36}},"17":{"start":{"line":35,"column":8},"end":{"line":42,"column":null}},"18":{"start":{"line":36,"column":12},"end":{"line":36,"column":null}},"19":{"start":{"line":37,"column":12},"end":{"line":37,"column":32}},"20":{"start":{"line":39,"column":12},"end":{"line":39,"column":null}},"21":{"start":{"line":40,"column":24},"end":{"line":40,"column":54}},"22":{"start":{"line":41,"column":12},"end":{"line":41,"column":null}},"23":{"start":{"line":43,"column":8},"end":{"line":43,"column":null}},"24":{"start":{"line":46,"column":10},"end":{"line":58,"column":null}},"25":{"start":{"line":47,"column":14},"end":{"line":47,"column":34}},"26":{"start":{"line":48,"column":14},"end":{"line":48,"column":null}},"27":{"start":{"line":49,"column":15},"end":{"line":49,"column":33}},"28":{"start":{"line":51,"column":14},"end":{"line":51,"column":47}},"29":{"start":{"line":52,"column":14},"end":{"line":52,"column":null}},"30":{"start":{"line":54,"column":14},"end":{"line":54,"column":41}},"31":{"start":{"line":56,"column":39},"end":{"line":56,"column":null}},"32":{"start":{"line":56,"column":14},"end":{"line":56,"column":null}},"33":{"start":{"line":57,"column":8},"end":{"line":57,"column":83}},"34":{"start":{"line":61,"column":10},"end":{"line":67,"column":null}},"35":{"start":{"line":62,"column":14},"end":{"line":62,"column":null}},"36":{"start":{"line":63,"column":14},"end":{"line":63,"column":50}},"37":{"start":{"line":64,"column":8},"end":{"line":64,"column":37}},"38":{"start":{"line":65,"column":8},"end":{"line":65,"column":47}},"39":{"start":{"line":66,"column":8},"end":{"line":66,"column":32}},"40":{"start":{"line":69,"column":4},"end":{"line":74,"column":null}},"41":{"start":{"line":70,"column":31},"end":{"line":70,"column":51}},"42":{"start":{"line":71,"column":8},"end":{"line":71,"column":36}},"43":{"start":{"line":72,"column":8},"end":{"line":72,"column":47}},"44":{"start":{"line":73,"column":8},"end":{"line":73,"column":30}},"45":{"start":{"line":6,"column":13},"end":{"line":76,"column":null}},"46":{"start":{"line":76,"column":0},"end":{"line":76,"column":null}},"47":{"start":{"line":6,"column":13},"end":{"line":6,"column":24}}},"fnMap":{"0":{"name":"(anonymous_15)","decl":{"start":{"line":6,"column":0},"end":{"line":6,"column":13}},"loc":{"start":{"line":6,"column":0},"end":{"line":6,"column":13}}},"1":{"name":"FeedService","decl":{"start":{"line":8,"column":4},"end":{"line":8,"column":33}},"loc":{"start":{"line":8,"column":63},"end":{"line":8,"column":67}}},"2":{"name":"(anonymous_17)","decl":{"start":{"line":13,"column":4},"end":{"line":13,"column":10}},"loc":{"start":{"line":13,"column":4},"end":{"line":18,"column":null}}},"3":{"name":"(anonymous_20)","decl":{"start":{"line":26,"column":4},"end":{"line":26,"column":20}},"loc":{"start":{"line":26,"column":32},"end":{"line":44,"column":5}}},"4":{"name":"(anonymous_21)","decl":{"start":{"line":46,"column":4},"end":{"line":46,"column":10}},"loc":{"start":{"line":46,"column":64},"end":{"line":58,"column":null}}},"5":{"name":"(anonymous_24)","decl":{"start":{"line":61,"column":4},"end":{"line":61,"column":10}},"loc":{"start":{"line":61,"column":77},"end":{"line":67,"column":null}}},"6":{"name":"(anonymous_27)","decl":{"start":{"line":69,"column":4},"end":{"line":69,"column":24}},"loc":{"start":{"line":69,"column":65},"end":{"line":74,"column":5}}}},"branchMap":{"0":{"loc":{"start":{"line":32,"column":8},"end":{"line":34,"column":null}},"type":"if","locations":[{"start":{"line":32,"column":8},"end":{"line":34,"column":null}}]},"1":{"loc":{"start":{"line":32,"column":12},"end":{"line":32,"column":47}},"type":"binary-expr","locations":[{"start":{"line":32,"column":12},"end":{"line":32,"column":16}},{"start":{"line":32,"column":21},"end":{"line":32,"column":34}},{"start":{"line":32,"column":38},"end":{"line":32,"column":46}}]},"2":{"loc":{"start":{"line":35,"column":8},"end":{"line":42,"column":null}},"type":"if","locations":[{"start":{"line":35,"column":8},"end":{"line":42,"column":null}},{"start":{"line":38,"column":13},"end":{"line":42,"column":null}}]}},"s":{"0":1,"1":1,"2":1,"3":1,"4":8,"5":1,"6":6,"7":6,"8":6,"9":6,"10":6,"11":1,"12":5,"13":5,"14":5,"15":5,"16":2,"17":3,"18":1,"19":1,"20":2,"21":2,"22":2,"23":3,"24":1,"25":5,"26":5,"27":5,"28":5,"29":5,"30":5,"31":5,"32":5,"33":5,"34":1,"35":11,"36":11,"37":11,"38":11,"39":11,"40":1,"41":11,"42":11,"43":11,"44":11,"45":1,"46":1,"47":1},"f":{"0":1,"1":8,"2":6,"3":5,"4":5,"5":11,"6":11},"b":{"0":[2],"1":[5,3,1],"2":[1,2]}}
,"/Users/akash/project/assignment/koto/koto-feed-search/src/feed/dto/feed.dto.ts": {"path":"/Users/akash/project/assignment/koto/koto-feed-search/src/feed/dto/feed.dto.ts","statementMap":{"0":{"start":{"line":1,"column":0},"end":{"line":1,"column":70}},"1":{"start":{"line":3,"column":0},"end":{"line":3,"column":13}},"2":{"start":{"line":17,"column":21},"end":{"line":17,"column":23}},"3":{"start":{"line":17,"column":34},"end":{"line":17,"column":36}},"4":{"start":{"line":17,"column":41},"end":{"line":17,"column":43}},"5":{"start":{"line":17,"column":57},"end":{"line":17,"column":58}},"6":{"start":{"line":18,"column":8},"end":{"line":18,"column":25}},"7":{"start":{"line":19,"column":8},"end":{"line":19,"column":27}},"8":{"start":{"line":20,"column":8},"end":{"line":20,"column":39}},"9":{"start":{"line":21,"column":8},"end":{"line":21,"column":55}},"10":{"start":{"line":5,"column":4},"end":{"line":5,"column":null}},"11":{"start":{"line":9,"column":4},"end":{"line":9,"column":null}},"12":{"start":{"line":12,"column":4},"end":{"line":12,"column":null}},"13":{"start":{"line":15,"column":4},"end":{"line":15,"column":null}},"14":{"start":{"line":23,"column":0},"end":{"line":23,"column":null}},"15":{"start":{"line":3,"column":13},"end":{"line":3,"column":20}},"16":{"start":{"line":26,"column":0},"end":{"line":26,"column":13}},"17":{"start":{"line":29,"column":0},"end":{"line":29,"column":null}},"18":{"start":{"line":26,"column":13},"end":{"line":26,"column":23}},"19":{"start":{"line":32,"column":0},"end":{"line":32,"column":13}},"20":{"start":{"line":36,"column":0},"end":{"line":36,"column":null}},"21":{"start":{"line":32,"column":13},"end":{"line":32,"column":27}}},"fnMap":{"0":{"name":"(anonymous_2)","decl":{"start":{"line":3,"column":0},"end":{"line":3,"column":13}},"loc":{"start":{"line":3,"column":0},"end":{"line":3,"column":13}}},"1":{"name":"FeedDto","decl":{"start":{"line":17,"column":4},"end":{"line":17,"column":16}},"loc":{"start":{"line":17,"column":58},"end":{"line":22,"column":5}}},"2":{"name":"(anonymous_4)","decl":{"start":{"line":26,"column":0},"end":{"line":26,"column":13}},"loc":{"start":{"line":26,"column":0},"end":{"line":29,"column":null}}},"3":{"name":"(anonymous_6)","decl":{"start":{"line":32,"column":0},"end":{"line":32,"column":13}},"loc":{"start":{"line":32,"column":0},"end":{"line":36,"column":null}}}},"branchMap":{},"s":{"0":1,"1":1,"2":800,"3":800,"4":800,"5":800,"6":800,"7":800,"8":800,"9":800,"10":1,"11":1,"12":1,"13":1,"14":1,"15":1,"16":1,"17":1,"18":1,"19":1,"20":1,"21":1},"f":{"0":1,"1":800,"2":12,"3":12},"b":{}}
}
