TN:
SF:src/app.contoller.ts
FN:4,(anonymous_2)
FN:7,(anonymous_4)
FNF:2
FNH:2
FNDA:2,(anonymous_2)
FNDA:1,(anonymous_4)
DA:1,1
DA:4,1
DA:7,2
DA:8,1
DA:10,1
LF:5
LH:5
BRF:0
BRH:0
end_of_record
TN:
SF:src/app.module.ts
FN:20,(anonymous_15)
FN:21,AppModule
FN:25,(anonymous_17)
FNF:3
FNH:0
FNDA:0,(anonymous_15)
FNDA:0,AppModule
FNDA:0,(anonymous_17)
DA:1,0
DA:2,0
DA:3,0
DA:4,0
DA:5,0
DA:6,0
DA:7,0
DA:8,0
DA:20,0
DA:22,0
DA:25,0
DA:26,0
DA:28,0
LF:13
LH:0
BRDA:26,0,0,0
BRF:1
BRH:0
end_of_record
TN:
SF:src/main.ts
FN:22,bootstrap
FNF:1
FNH:0
FNDA:0,bootstrap
DA:1,0
DA:2,0
DA:23,0
DA:24,0
DA:25,0
DA:28,0
LF:6
LH:0
BRDA:23,0,0,0
BRF:1
BRH:0
end_of_record
TN:
SF:src/config/data-source.ts
FNF:0
FNH:0
DA:1,1
DA:2,1
DA:6,1
LF:3
LH:3
BRF:0
BRH:0
end_of_record
TN:
SF:src/entity/Feed.ts
FN:4,(anonymous_2)
FNF:1
FNH:1
FNDA:633,(anonymous_2)
DA:1,1
DA:4,1
DA:7,1
DA:10,1
DA:13,1
DA:16,1
DA:19,1
DA:21,1
LF:8
LH:8
BRF:0
BRH:0
end_of_record
TN:
SF:src/feed/feed.controller.ts
FN:5,(anonymous_4)
FN:6,FeedController
FN:9,(anonymous_6)
FN:15,(anonymous_7)
FNF:4
FNH:4
FNDA:1,(anonymous_4)
FNDA:7,FeedController
FNDA:4,(anonymous_6)
FNDA:4,(anonymous_7)
DA:1,1
DA:2,1
DA:5,1
DA:6,7
DA:9,2
DA:10,4
DA:15,2
DA:21,4
DA:23,1
LF:9
LH:9
BRF:0
BRH:0
end_of_record
TN:
SF:src/feed/feed.service.ts
FN:9,(anonymous_17)
FN:11,FeedService
FN:18,(anonymous_19)
FN:22,(anonymous_22)
FN:30,(anonymous_25)
FN:53,(anonymous_26)
FN:65,(anonymous_27)
FN:79,(anonymous_30)
FN:87,(anonymous_33)
FNF:9
FNH:9
FNDA:1,(anonymous_17)
FNDA:7,FeedService
FNDA:7,(anonymous_19)
FNDA:6,(anonymous_22)
FNDA:4,(anonymous_25)
FNDA:2,(anonymous_26)
FNDA:4,(anonymous_27)
FNDA:10,(anonymous_30)
FNDA:10,(anonymous_33)
DA:1,1
DA:2,1
DA:3,1
DA:4,1
DA:5,1
DA:6,1
DA:9,1
DA:13,7
DA:18,1
DA:19,14
DA:22,1
DA:23,6
DA:24,6
DA:25,6
DA:26,6
DA:30,1
DA:32,4
DA:34,4
DA:41,4
DA:43,4
DA:44,2
DA:46,2
DA:47,1
DA:51,1
DA:52,1
DA:53,1
DA:54,2
DA:56,1
DA:62,2
DA:65,1
DA:68,4
DA:70,4
DA:72,4
DA:74,4
DA:75,4
DA:79,1
DA:80,10
DA:81,10
DA:82,10
DA:83,10
DA:84,10
DA:87,1
DA:88,10
DA:89,10
DA:90,10
DA:91,10
DA:94,1
LF:47
LH:47
BRDA:19,0,0,7
BRDA:23,1,0,6
BRDA:43,2,0,2
BRDA:43,3,0,4
BRDA:43,3,1,2
BRDA:43,3,2,1
BRDA:46,4,0,1
BRDA:46,4,1,1
BRF:8
BRH:8
end_of_record
TN:
SF:src/feed/dto/feed.dto.ts
FN:4,(anonymous_2)
FN:18,FeedCreationDto
FN:27,(anonymous_4)
FN:33,(anonymous_6)
FNF:4
FNH:4
FNDA:1,(anonymous_2)
FNDA:700,FeedCreationDto
FNDA:11,(anonymous_4)
FNDA:11,(anonymous_6)
DA:1,1
DA:4,1
DA:6,1
DA:10,1
DA:13,1
DA:16,1
DA:18,700
DA:19,700
DA:20,700
DA:21,700
DA:22,700
DA:24,1
DA:27,1
DA:30,1
DA:33,1
DA:37,1
LF:16
LH:16
BRF:0
BRH:0
end_of_record
TN:
SF:src/feed/seeders/feed.seeder.ts
FN:10,(anonymous_18)
FN:11,FeedSeeder
FN:16,(anonymous_20)
FN:27,(anonymous_23)
FN:27,(anonymous_24)
FNF:5
FNH:3
FNDA:1,(anonymous_18)
FNDA:0,FeedSeeder
FNDA:0,(anonymous_20)
FNDA:7,(anonymous_23)
FNDA:7,(anonymous_24)
DA:1,1
DA:2,1
DA:4,1
DA:5,1
DA:6,1
DA:7,1
DA:10,1
DA:13,0
DA:16,1
DA:17,0
DA:18,0
DA:19,0
DA:21,0
DA:22,0
DA:24,1
DA:27,7
DA:28,707
DA:29,700
DA:30,1400
DA:32,7
DA:33,7
LF:21
LH:15
BRDA:21,0,0,0
BRDA:17,1,0,0
BRDA:32,2,0,7
BRDA:28,3,0,7
BRF:4
BRH:2
end_of_record
