TN:
SF:src/app.contoller.ts
FN:4,(anonymous_2)
FN:7,(anonymous_4)
FNF:2
FNH:2
FNDA:2,(anonymous_2)
FNDA:1,(anonymous_4)
DA:1,1
DA:4,1
DA:7,2
DA:8,1
DA:10,1
LF:5
LH:5
BRF:0
BRH:0
end_of_record
TN:
SF:src/app.module.ts
FN:16,(anonymous_1)
FNF:1
FNH:0
FNDA:0,(anonymous_1)
DA:1,0
DA:2,0
DA:3,0
DA:4,0
DA:5,0
DA:16,0
LF:6
LH:0
BRF:0
BRH:0
end_of_record
TN:
SF:src/main.ts
FN:5,bootstrap
FNF:1
FNH:0
FNDA:0,bootstrap
DA:1,0
DA:2,0
DA:6,0
DA:7,0
DA:8,0
DA:11,0
LF:6
LH:0
BRDA:6,0,0,0
BRF:1
BRH:0
end_of_record
TN:
SF:src/feed/feed.controller.ts
FN:5,(anonymous_4)
FN:6,FeedController
FN:9,(anonymous_6)
FN:15,(anonymous_7)
FNF:4
FNH:4
FNDA:1,(anonymous_4)
FNDA:8,FeedController
FNDA:4,(anonymous_6)
FNDA:5,(anonymous_7)
DA:1,1
DA:2,1
DA:5,1
DA:6,8
DA:9,2
DA:10,4
DA:15,2
DA:20,5
DA:22,1
LF:9
LH:9
BRF:0
BRH:0
end_of_record
TN:
SF:src/feed/feed.repository.ts
FN:5,(anonymous_1)
FN:18,FeedRepository
FN:27,(anonymous_3)
FN:33,(anonymous_4)
FN:34,(anonymous_5)
FN:63,(anonymous_6)
FN:65,(anonymous_7)
FN:84,(anonymous_8)
FN:112,(anonymous_9)
FN:113,(anonymous_10)
FN:132,(anonymous_11)
FNF:11
FNH:11
FNDA:1,(anonymous_1)
FNDA:8,FeedRepository
FNDA:8,(anonymous_3)
FNDA:8,(anonymous_4)
FNDA:4280,(anonymous_5)
FNDA:710,(anonymous_6)
FNDA:830,(anonymous_7)
FNDA:797,(anonymous_8)
FNDA:5,(anonymous_9)
FNDA:500,(anonymous_10)
FNDA:6,(anonymous_11)
DA:2,1
DA:3,1
DA:5,1
DA:18,16
DA:19,8
DA:21,8
DA:22,8
DA:24,8
DA:27,1
DA:28,8
DA:29,800
DA:33,1
DA:34,8
DA:35,4280
DA:36,2016
DA:38,2264
DA:63,1
DA:64,710
DA:65,510
DA:66,830
DA:69,710
DA:84,1
DA:85,797
DA:86,797
DA:87,797
DA:88,587
DA:90,210
DA:92,210
DA:93,22
DA:94,22
DA:95,4
DA:98,206
DA:112,5
DA:113,5
DA:115,500
DA:117,500
DA:118,500
DA:119,797
DA:120,797
DA:121,0
DA:123,797
DA:124,206
DA:125,206
DA:128,500
DA:132,1
DA:133,6
DA:137,1
LF:47
LH:46
BRDA:18,0,0,8
BRDA:21,1,0,8
BRDA:35,2,0,2016
BRDA:35,2,1,2264
BRDA:64,3,0,510
BRDA:64,4,0,710
BRDA:64,4,1,510
BRDA:65,5,0,510
BRDA:65,5,1,510
BRDA:87,6,0,587
BRDA:94,7,0,4
BRDA:94,8,0,22
BRDA:94,8,1,22
BRDA:112,9,0,0
BRDA:120,10,0,0
BRDA:123,11,0,206
BRF:16
BRH:14
end_of_record
TN:
SF:src/feed/feed.service.ts
FN:6,(anonymous_15)
FN:8,FeedService
FN:13,(anonymous_17)
FN:26,(anonymous_20)
FN:46,(anonymous_21)
FN:61,(anonymous_24)
FN:69,(anonymous_27)
FNF:7
FNH:7
FNDA:1,(anonymous_15)
FNDA:8,FeedService
FNDA:6,(anonymous_17)
FNDA:5,(anonymous_20)
FNDA:5,(anonymous_21)
FNDA:11,(anonymous_24)
FNDA:11,(anonymous_27)
DA:1,1
DA:2,1
DA:3,1
DA:6,1
DA:8,8
DA:13,1
DA:14,6
DA:15,6
DA:16,6
DA:17,6
DA:26,1
DA:27,5
DA:28,5
DA:30,5
DA:32,5
DA:33,2
DA:35,3
DA:36,1
DA:37,1
DA:39,2
DA:40,2
DA:41,2
DA:43,3
DA:46,1
DA:47,5
DA:48,5
DA:49,5
DA:51,5
DA:52,5
DA:54,5
DA:56,5
DA:57,5
DA:61,1
DA:62,11
DA:63,11
DA:64,11
DA:65,11
DA:66,11
DA:69,1
DA:70,11
DA:71,11
DA:72,11
DA:73,11
DA:76,1
LF:44
LH:44
BRDA:32,0,0,2
BRDA:32,1,0,5
BRDA:32,1,1,3
BRDA:32,1,2,1
BRDA:35,2,0,1
BRDA:35,2,1,2
BRF:6
BRH:6
end_of_record
TN:
SF:src/feed/dto/feed.dto.ts
FN:3,(anonymous_2)
FN:17,FeedDto
FN:26,(anonymous_4)
FN:32,(anonymous_6)
FNF:4
FNH:4
FNDA:1,(anonymous_2)
FNDA:800,FeedDto
FNDA:12,(anonymous_4)
FNDA:12,(anonymous_6)
DA:1,1
DA:3,1
DA:5,1
DA:9,1
DA:12,1
DA:15,1
DA:17,800
DA:18,800
DA:19,800
DA:20,800
DA:21,800
DA:23,1
DA:26,1
DA:29,1
DA:32,1
DA:36,1
LF:16
LH:16
BRF:0
BRH:0
end_of_record
